<?xml version="1.0" encoding="UTF-8"?>
<!-- Generated by org.testng.reporters.JUnitReportReporter -->
<testsuite skipped="0" hostname="LAPTOP-T03VUTLP" name="com.script.Testclass9" tests="1" failures="0" timestamp="2022-03-07T15:13:59 IST" time="5.174" errors="0">
  <testcase name="verifyValidLogin" time="5.174" classname="com.script.Testclass9"/>
  <system-out/>
</testsuite> <!-- com.script.Testclass9 -->
