<?xml version="1.0" encoding="UTF-8"?>
<!-- Generated by org.testng.reporters.JUnitReportReporter -->
<testsuite skipped="0" hostname="LAPTOP-T03VUTLP" name="com.script.TestClassSignup" tests="8" failures="0" timestamp="2022-03-21T10:14:17 IST" time="67.565" errors="0">
  <testcase name="verifyEnrollPage" time="0.346" classname="com.script.TestClassSignup"/>
  <system-out/>
  <testcase name="verifyInvalidSignUp" time="3.718" classname="com.script.TestClassSignup"/>
  <system-out/>
  <testcase name="verifyValidSignUp" time="2.998" classname="com.script.TestClassSignup"/>
  <system-out/>
  <testcase name="verifyValidLogin" time="0.757" classname="com.script.TestClassSignup"/>
  <system-out/>
  <testcase name="verifyMyProfile" time="7.182" classname="com.script.TestClassSignup"/>
  <system-out/>
  <testcase name="verifyEditProfile" time="8.423" classname="com.script.TestClassSignup"/>
  <system-out/>
  <testcase name="verifyInvalidEditProfile" time="25.811" classname="com.script.TestClassSignup"/>
  <system-out/>
  <testcase name="verifyValidEditProfile" time="18.330" classname="com.script.TestClassSignup"/>
  <system-out/>
</testsuite> <!-- com.script.TestClassSignup -->
