<?xml version="1.0" encoding="UTF-8"?>
<!-- Generated by org.testng.reporters.JUnitReportReporter -->
<testsuite skipped="0" hostname="LAPTOP-T03VUTLP" name="com.script.Testclass5" tests="2" failures="0" timestamp="2022-03-10T13:49:47 IST" time="5.654" errors="0">
  <testcase name="verifyInValidLogin4" time="5.250" classname="com.script.Testclass5"/>
  <system-out/>
  <testcase name="verifyInValidLogin5" time="0.404" classname="com.script.Testclass5"/>
  <system-out/>
</testsuite> <!-- com.script.Testclass5 -->
