<?xml version="1.0" encoding="UTF-8"?>
<!-- Generated by org.testng.reporters.JUnitReportReporter -->
<testsuite skipped="0" hostname="LAPTOP-T03VUTLP" name="com.script.InvalidTestClass" tests="4" failures="0" timestamp="2022-03-21T10:14:17 IST" time="14.806" errors="0">
  <testcase name="verifyInValidLogin8" time="0.614" classname="com.script.InvalidTestClass"/>
  <system-out/>
  <testcase name="verifyInValidLogin1" time="5.229" classname="com.script.InvalidTestClass"/>
  <system-out/>
  <testcase name="verifyInValidLogin2" time="4.446" classname="com.script.InvalidTestClass"/>
  <system-out/>
  <testcase name="verifyInValidLogin3" time="4.517" classname="com.script.InvalidTestClass"/>
  <system-out/>
</testsuite> <!-- com.script.InvalidTestClass -->
