<?xml version="1.0" encoding="UTF-8"?>
<!-- Generated by org.testng.reporters.JUnitReportReporter -->
<testsuite skipped="0" hostname="LAPTOP-T03VUTLP" name="com.script.Testclass7" tests="1" failures="0" timestamp="2022-03-07T15:10:04 IST" time="5.310" errors="0">
  <testcase name="verifyValidLogin" time="5.310" classname="com.script.Testclass7"/>
  <system-out/>
</testsuite> <!-- com.script.Testclass7 -->
