<?xml version="1.0" encoding="UTF-8"?>
<!-- Generated by org.testng.reporters.JUnitReportReporter -->
<testsuite skipped="0" hostname="LAPTOP-T03VUTLP" name="com.script.BlankEmailTestClass" tests="2" failures="0" timestamp="2022-03-20T11:34:41 IST" time="4.655" errors="0">
  <testcase name="verifyInValidLogin6" time="3.942" classname="com.script.BlankEmailTestClass"/>
  <system-out/>
  <testcase name="verifyInValidLogin7" time="0.713" classname="com.script.BlankEmailTestClass"/>
  <system-out/>
</testsuite> <!-- com.script.BlankEmailTestClass -->
