<?xml version="1.0" encoding="UTF-8"?>
<!-- Generated by org.testng.reporters.JUnitReportReporter -->
<testsuite skipped="0" hostname="LAPTOP-T03VUTLP" name="com.script.Testclass3" tests="2" failures="0" timestamp="2022-03-10T13:34:23 IST" time="40.415" errors="0">
  <testcase name="verifyAdminValidLogin" time="17.878" classname="com.script.Testclass3"/>
  <system-out/>
  <testcase name="verifyTrainerValidLogin" time="22.537" classname="com.script.Testclass3"/>
  <system-out/>
</testsuite> <!-- com.script.Testclass3 -->
