<?xml version="1.0" encoding="UTF-8"?>
<!-- Generated by org.testng.reporters.JUnitReportReporter -->
<testsuite skipped="0" hostname="LAPTOP-T03VUTLP" name="com.script.BlankPasswordTestClass" tests="2" failures="0" timestamp="2022-03-13T22:45:14 IST" time="5.813" errors="0">
  <testcase name="verifyInValidLogin4" time="5.406" classname="com.script.BlankPasswordTestClass"/>
  <system-out/>
  <testcase name="verifyInValidLogin5" time="0.407" classname="com.script.BlankPasswordTestClass"/>
  <system-out/>
</testsuite> <!-- com.script.BlankPasswordTestClass -->
