<?xml version="1.0" encoding="UTF-8"?>
<!-- Generated by org.testng.reporters.JUnitReportReporter -->
<testsuite skipped="0" hostname="LAPTOP-T03VUTLP" name="com.script.Testclass" tests="1" failures="0" timestamp="2022-03-07T15:00:09 IST" time="15.005" errors="0">
  <testcase name="verifyValidLogin" time="15.005" classname="com.script.Testclass"/>
  <system-out/>
</testsuite> <!-- com.script.Testclass -->
