<?xml version="1.0" encoding="UTF-8"?>
<!-- Generated by org.testng.reporters.JUnitReportReporter -->
<testsuite skipped="0" hostname="LAPTOP-T03VUTLP" name="com.script.InvalidTestClass" tests="4" failures="0" timestamp="2022-03-20T11:38:24 IST" time="15.431" errors="0">
  <testcase name="verifyInValidLogin8" time="1.351" classname="com.script.InvalidTestClass"/>
  <system-out/>
  <testcase name="verifyInValidLogin1" time="5.156" classname="com.script.InvalidTestClass"/>
  <system-out/>
  <testcase name="verifyInValidLogin2" time="4.442" classname="com.script.InvalidTestClass"/>
  <system-out/>
  <testcase name="verifyInValidLogin3" time="4.482" classname="com.script.InvalidTestClass"/>
  <system-out/>
</testsuite> <!-- com.script.InvalidTestClass -->
