<?xml version="1.0" encoding="UTF-8"?>
<!-- Generated by org.testng.reporters.JUnitReportReporter -->
<testsuite skipped="0" hostname="LAPTOP-T03VUTLP" name="com.script.TrainerTestclass" tests="1" failures="0" timestamp="2022-03-21T10:14:17 IST" time="26.455" errors="0">
  <testcase name="verifyTrainerValidLogin" time="26.455" classname="com.script.TrainerTestclass"/>
  <system-out/>
</testsuite> <!-- com.script.TrainerTestclass -->
