<?xml version="1.0" encoding="UTF-8"?>
<!-- Generated by org.testng.reporters.JUnitReportReporter -->
<testsuite skipped="0" hostname="LAPTOP-T03VUTLP" name="com.script.Trainer" tests="1" failures="0" timestamp="2022-03-20T18:40:06 IST" time="26.801" errors="0">
  <testcase name="verifyTrainerValidLogin" time="26.801" classname="com.script.Trainer"/>
  <system-out/>
</testsuite> <!-- com.script.Trainer -->
