<?xml version="1.0" encoding="UTF-8"?>
<!-- Generated by org.testng.reporters.JUnitReportReporter -->
<testsuite skipped="0" hostname="LAPTOP-T03VUTLP" name="com.script.Rejecttest" tests="1" failures="0" timestamp="2022-03-10T23:00:27 IST" time="5.830" errors="0">
  <testcase name="verifyValidLogin" time="5.830" classname="com.script.Rejecttest"/>
  <system-out/>
</testsuite> <!-- com.script.Rejecttest -->
