<?xml version="1.0" encoding="UTF-8"?>
<!-- Generated by org.testng.reporters.JUnitReportReporter -->
<testsuite skipped="0" hostname="LAPTOP-T03VUTLP" name="com.script.Testclass6" tests="2" failures="0" timestamp="2022-03-10T13:50:56 IST" time="1.700" errors="0">
  <testcase name="verifyInValidLogin6" time="1.259" classname="com.script.Testclass6"/>
  <system-out/>
  <testcase name="verifyInValidLogin7" time="0.441" classname="com.script.Testclass6"/>
  <system-out/>
</testsuite> <!-- com.script.Testclass6 -->
