<?xml version="1.0" encoding="UTF-8"?>
<!-- Generated by org.testng.reporters.JUnitReportReporter -->
<testsuite skipped="0" hostname="LAPTOP-T03VUTLP" name="com.script.Testclass2" tests="1" failures="0" timestamp="2022-03-07T18:42:22 IST" time="33.075" errors="0">
  <testcase name="verifyValidLogin" time="33.075" classname="com.script.Testclass2"/>
  <system-out/>
</testsuite> <!-- com.script.Testclass2 -->
