<?xml version="1.0" encoding="UTF-8"?>
<!-- Generated by org.testng.reporters.JUnitReportReporter -->
<testsuite skipped="0" hostname="LAPTOP-T03VUTLP" name="com.script.BlankPasswordTestClass" tests="2" failures="0" timestamp="2022-03-21T10:14:17 IST" time="5.257" errors="0">
  <testcase name="verifyInValidLogin4" time="4.841" classname="com.script.BlankPasswordTestClass"/>
  <system-out/>
  <testcase name="verifyInValidLogin5" time="0.416" classname="com.script.BlankPasswordTestClass"/>
  <system-out/>
</testsuite> <!-- com.script.BlankPasswordTestClass -->
