<?xml version="1.0" encoding="UTF-8"?>
<!-- Generated by org.testng.reporters.JUnitReportReporter -->
<testsuite skipped="0" hostname="LAPTOP-T03VUTLP" name="com.script.TestClassFlossy" tests="8" failures="0" timestamp="2022-03-20T18:42:04 IST" time="67.485" errors="0">
  <testcase name="verifyEnrollPage" time="1.310" classname="com.script.TestClassFlossy"/>
  <system-out/>
  <testcase name="verifyInvalidSignUp" time="3.844" classname="com.script.TestClassFlossy"/>
  <system-out/>
  <testcase name="verifyValidSignUp" time="2.864" classname="com.script.TestClassFlossy"/>
  <system-out/>
  <testcase name="verifyValidLogin" time="0.634" classname="com.script.TestClassFlossy"/>
  <system-out/>
  <testcase name="verifyMyProfile" time="6.568" classname="com.script.TestClassFlossy"/>
  <system-out/>
  <testcase name="verifyEditProfile" time="8.153" classname="com.script.TestClassFlossy"/>
  <system-out/>
  <testcase name="verifyInvalidEditProfile" time="25.736" classname="com.script.TestClassFlossy"/>
  <system-out/>
  <testcase name="verifyValidEditProfile" time="18.376" classname="com.script.TestClassFlossy"/>
  <system-out/>
</testsuite> <!-- com.script.TestClassFlossy -->
