<?xml version="1.0" encoding="UTF-8"?>
<!-- Generated by org.testng.reporters.JUnitReportReporter -->
<testsuite skipped="0" hostname="LAPTOP-T03VUTLP" name="com.script.Testclass4" tests="4" failures="0" timestamp="2022-03-10T13:47:57 IST" time="15.650" errors="0">
  <testcase name="verifyInValidLogin8" time="1.599" classname="com.script.Testclass4"/>
  <system-out/>
  <testcase name="verifyInValidLogin1" time="5.173" classname="com.script.Testclass4"/>
  <system-out/>
  <testcase name="verifyValidLogin" time="4.429" classname="com.script.Testclass4"/>
  <system-out/>
  <testcase name="verifyInValidLogin3" time="4.449" classname="com.script.Testclass4"/>
  <system-out/>
</testsuite> <!-- com.script.Testclass4 -->
